<?xml version="1.0" encoding="UTF-8"?>
<testng-results ignored="0" total="1" passed="1" failed="0" skipped="0">
  <reporter-output>
  </reporter-output>
  <suite started-at="2023-09-23T17:51:48 IST" name="Default suite" finished-at="2023-09-23T17:51:59 IST" duration-ms="11081">
    <groups>
    </groups>
    <test started-at="2023-09-23T17:51:48 IST" name="Default test" finished-at="2023-09-23T17:51:59 IST" duration-ms="11081">
      <class name="testngpackage.Screenshot">
        <test-method signature="testcase1()[pri:0, instance:testngpackage.Screenshot@7e057f43]" started-at="2023-09-23T17:51:48 IST" name="testcase1" finished-at="2023-09-23T17:51:59 IST" duration-ms="11030" status="PASS">
          <reporter-output>
          </reporter-output>
        </test-method> <!-- testcase1 -->
      </class> <!-- testngpackage.Screenshot -->
    </test> <!-- Default test -->
  </suite> <!-- Default suite -->
</testng-results>
