<?xml version="1.0" encoding="UTF-8"?>
<!-- Generated by org.testng.reporters.JUnitXMLReporter -->
<testsuite ignored="0" hostname="DESKTOP-DE517QH" failures="0" tests="3" name="Test" time="0.099" errors="0" timestamp="2023-09-22T17:44:35 IST">
  <testcase classname="Multiplecasestog.One" name="testcase1" time="0.011"/>
  <testcase classname="Multiplecasestog.Four" name="testcase4" time="0.004"/>
  <testcase classname="Multiplecasestog.Two" name="testcase2" time="0.002"/>
</testsuite> <!-- Test -->
