<?xml version="1.0" encoding="UTF-8"?>
<testng-results ignored="0" total="1" passed="1" failed="0" skipped="0">
  <reporter-output>
  </reporter-output>
  <suite started-at="2023-11-13T12:50:22 IST" name="Default suite" finished-at="2023-11-13T12:50:30 IST" duration-ms="8661">
    <groups>
    </groups>
    <test started-at="2023-11-13T12:50:22 IST" name="Default test" finished-at="2023-11-13T12:50:30 IST" duration-ms="8661">
      <class name="testngmavenprj.Firstprogm">
        <test-method signature="testcase1()[pri:0, instance:testngmavenprj.Firstprogm@957e06]" started-at="2023-11-13T12:50:22 IST" name="testcase1" finished-at="2023-11-13T12:50:30 IST" duration-ms="8572" status="PASS">
          <reporter-output>
          </reporter-output>
        </test-method> <!-- testcase1 -->
      </class> <!-- testngmavenprj.Firstprogm -->
    </test> <!-- Default test -->
  </suite> <!-- Default suite -->
</testng-results>
