<?xml version="1.0" encoding="UTF-8"?>
<!-- Generated by org.testng.reporters.JUnitXMLReporter -->
<testsuite ignored="0" hostname="DESKTOP-DE517QH" failures="0" tests="4" name="Test2" time="166.689" errors="0" timestamp="2023-11-14T15:18:31 IST">
  <testcase classname="testNGbrowser.Test1" name="scenario1" time="75.878"/>
  <testcase classname="testNGbrowser.Test2" name="scenario1" time="30.93"/>
  <testcase classname="testNGbrowser.Test3" name="scenario1" time="26.883"/>
  <testcase classname="testNGbrowser.Test4" name="scenario1" time="32.902"/>
</testsuite> <!-- Test2 -->
