<?xml version="1.0" encoding="UTF-8"?>
<!-- Generated by org.testng.reporters.JUnitXMLReporter -->
<testsuite ignored="0" hostname="DESKTOP-DE517QH" failures="0" tests="4" name="Test3" time="206.52" errors="0" timestamp="2023-11-14T15:19:11 IST">
  <testcase classname="testNGbrowser.Test1" name="scenario1" time="129.509"/>
  <testcase classname="testNGbrowser.Test2" name="scenario1" time="40.899"/>
  <testcase classname="testNGbrowser.Test3" name="scenario1" time="19.721"/>
  <testcase classname="testNGbrowser.Test4" name="scenario1" time="16.309"/>
</testsuite> <!-- Test3 -->
