<?xml version="1.0" encoding="UTF-8"?>
<!-- Generated by org.testng.reporters.JUnitXMLReporter -->
<testsuite ignored="0" hostname="DESKTOP-DE517QH" failures="0" tests="4" name="Test1" time="169.677" errors="0" timestamp="2023-11-14T15:18:34 IST">
  <testcase classname="testNGbrowser.Test1" name="scenario1" time="75.843"/>
  <testcase classname="testNGbrowser.Test2" name="scenario1" time="30.024"/>
  <testcase classname="testNGbrowser.Test3" name="scenario1" time="28.907"/>
  <testcase classname="testNGbrowser.Test4" name="scenario1" time="34.781"/>
</testsuite> <!-- Test1 -->
