<?xml version="1.0" encoding="UTF-8"?>
<!-- Generated by org.testng.reporters.JUnitXMLReporter -->
<testsuite ignored="0" hostname="DESKTOP-DE517QH" failures="0" tests="5" name="Smoke Test" time="59.621" errors="0" timestamp="2023-09-22T22:18:17 IST">
  <testcase classname="Inher_Program.Scenario1" name="testcase1" time="6.463"/>
  <testcase classname="Inher_Program.Scenario2" name="testcase2" time="3.272"/>
  <testcase classname="Inher_Program.Scenario3" name="testcase3" time="2.973"/>
  <testcase classname="Inher_Program.Scenario4" name="testcase4" time="2.853"/>
  <testcase classname="Inher_Program.Scenario5" name="testcase1" time="3.301"/>
</testsuite> <!-- Smoke Test -->
