<?xml version="1.0" encoding="UTF-8"?>
<!-- Generated by org.testng.reporters.JUnitXMLReporter -->
<testsuite ignored="0" hostname="DESKTOP-DE517QH" failures="0" tests="4" name="System Testing" time="91.514" errors="0" timestamp="2023-11-14T12:23:01 IST">
  <testcase classname="testNGbrowser.Test1" name="scenario1" time="16.388"/>
  <testcase classname="testNGbrowser.Test2" name="scenario1" time="18.678"/>
  <testcase classname="testNGbrowser.Test3" name="scenario1" time="28.077"/>
  <testcase classname="testNGbrowser.Test4" name="scenario1" time="28.189"/>
</testsuite> <!-- System Testing -->
